[ 2016-12-24T20:43:11+08:00 ] 218.104.225.10 /nebula.php/Index/getWxAccessToken
INFO: [ app_init ] --START--
INFO: Run Behavior\BuildLiteBehavior [ RunTime:0.000012s ]
INFO: [ app_init ] --END-- [ RunTime:0.000272s ]
ERR: 无法加载模块:Index

[ 2016-12-24T20:43:58+08:00 ] 218.104.225.10 /nebula.php/Index
INFO: [ app_init ] --START--
INFO: Run Behavior\BuildLiteBehavior [ RunTime:0.000014s ]
INFO: [ app_init ] --END-- [ RunTime:0.000286s ]
ERR: 无法加载模块:Index

[ 2016-12-24T20:44:04+08:00 ] 218.104.225.10 /nebula.php/getWxAccessToken
INFO: [ app_init ] --START--
INFO: Run Behavior\BuildLiteBehavior [ RunTime:0.000012s ]
INFO: [ app_init ] --END-- [ RunTime:0.000229s ]
ERR: 无法加载模块:GetWxAccessToken

[ 2016-12-24T20:45:03+08:00 ] 106.120.161.66 /nebula.php/Index
INFO: [ app_init ] --START--
INFO: Run Behavior\BuildLiteBehavior [ RunTime:0.000024s ]
INFO: [ app_init ] --END-- [ RunTime:0.000321s ]
ERR: 无法加载模块:Index

[ 2016-12-24T20:45:04+08:00 ] 106.120.161.66 /nebula.php/Index/getWxAccessToken
INFO: [ app_init ] --START--
INFO: Run Behavior\BuildLiteBehavior [ RunTime:0.000012s ]
INFO: [ app_init ] --END-- [ RunTime:0.000276s ]
ERR: 无法加载模块:Index

[ 2016-12-24T20:45:10+08:00 ] 101.199.108.51 /nebula.php/Index
INFO: [ app_init ] --START--
INFO: Run Behavior\BuildLiteBehavior [ RunTime:0.000013s ]
INFO: [ app_init ] --END-- [ RunTime:0.000248s ]
ERR: 无法加载模块:Index

[ 2016-12-24T20:45:10+08:00 ] 171.8.167.72 /nebula.php/Index
INFO: [ app_init ] --START--
INFO: Run Behavior\BuildLiteBehavior [ RunTime:0.000012s ]
INFO: [ app_init ] --END-- [ RunTime:0.000213s ]
ERR: 无法加载模块:Index

[ 2016-12-24T20:45:13+08:00 ] 171.13.14.133 /nebula.php/Index
INFO: [ app_init ] --START--
INFO: Run Behavior\BuildLiteBehavior [ RunTime:0.000012s ]
INFO: [ app_init ] --END-- [ RunTime:0.000282s ]
ERR: 无法加载模块:Index

[ 2016-12-24T20:45:14+08:00 ] 119.188.70.29 /nebula.php/Index
INFO: [ app_init ] --START--
INFO: Run Behavior\BuildLiteBehavior [ RunTime:0.000017s ]
INFO: [ app_init ] --END-- [ RunTime:0.000257s ]
ERR: 无法加载模块:Index

[ 2016-12-24T20:45:17+08:00 ] 182.118.20.143 /nebula.php/Index
INFO: [ app_init ] --START--
INFO: Run Behavior\BuildLiteBehavior [ RunTime:0.000024s ]
INFO: [ app_init ] --END-- [ RunTime:0.000346s ]
ERR: 无法加载模块:Index

[ 2016-12-24T20:45:17+08:00 ] 182.118.20.152 /nebula.php/Index
INFO: [ app_init ] --START--
INFO: Run Behavior\BuildLiteBehavior [ RunTime:0.000013s ]
INFO: [ app_init ] --END-- [ RunTime:0.000281s ]
ERR: 无法加载模块:Index

[ 2016-12-24T20:45:21+08:00 ] 101.199.112.53 /nebula.php/Index/getWxAccessToken
INFO: [ app_init ] --START--
INFO: Run Behavior\BuildLiteBehavior [ RunTime:0.000012s ]
INFO: [ app_init ] --END-- [ RunTime:0.000267s ]
ERR: 无法加载模块:Index

[ 2016-12-24T20:45:22+08:00 ] 171.13.14.145 /nebula.php/Index/getWxAccessToken
INFO: [ app_init ] --START--
INFO: Run Behavior\BuildLiteBehavior [ RunTime:0.000011s ]
INFO: [ app_init ] --END-- [ RunTime:0.000241s ]
ERR: 无法加载模块:Index

[ 2016-12-24T20:45:25+08:00 ] 171.8.167.74 /nebula.php/Index/getWxAccessToken
INFO: [ app_init ] --START--
INFO: Run Behavior\BuildLiteBehavior [ RunTime:0.000012s ]
INFO: [ app_init ] --END-- [ RunTime:0.000241s ]
ERR: 无法加载模块:Index

[ 2016-12-24T20:45:25+08:00 ] 119.188.70.24 /nebula.php/Index/getWxAccessToken
INFO: [ app_init ] --START--
INFO: Run Behavior\BuildLiteBehavior [ RunTime:0.000028s ]
INFO: [ app_init ] --END-- [ RunTime:0.000371s ]
ERR: 无法加载模块:Index

[ 2016-12-24T20:45:28+08:00 ] 171.8.167.67 /nebula.php/Index/getWxAccessToken
INFO: [ app_init ] --START--
INFO: Run Behavior\BuildLiteBehavior [ RunTime:0.000011s ]
INFO: [ app_init ] --END-- [ RunTime:0.000218s ]
ERR: 无法加载模块:Index

[ 2016-12-24T20:45:28+08:00 ] 171.13.14.133 /nebula.php/Index/getWxAccessToken
INFO: [ app_init ] --START--
INFO: Run Behavior\BuildLiteBehavior [ RunTime:0.000014s ]
INFO: [ app_init ] --END-- [ RunTime:0.000258s ]
ERR: 无法加载模块:Index

