[ 2016-12-23T20:56:22+08:00 ] 218.104.225.10 /nebula.php
WARN: 调用
[ 2016-12-23T20:56:22+08:00 ] 218.104.225.10 /nebula.php
INFO: [ app_init ] --START--
INFO: Run Behavior\BuildLiteBehavior [ RunTime:0.000010s ]
INFO: [ app_init ] --END-- [ RunTime:0.000226s ]
INFO: [ app_begin ] --START--
INFO: Run Behavior\ReadHtmlCacheBehavior [ RunTime:0.000313s ]
INFO: [ app_begin ] --END-- [ RunTime:0.000356s ]
NOTIC: [8] Undefined index: timestamp /var/www/html/Nebula/Home/Controller/IndexController.class.php 第 7 行.
NOTIC: [8] Undefined index: echostr /var/www/html/Nebula/Home/Controller/IndexController.class.php 第 8 行.
NOTIC: [8] Undefined index: nonce /var/www/html/Nebula/Home/Controller/IndexController.class.php 第 9 行.
NOTIC: [8] Undefined index: signature /var/www/html/Nebula/Home/Controller/IndexController.class.php 第 11 行.
NOTIC: [8] Undefined index: HTTP_RAW_POST_DATA /var/www/html/Nebula/Home/Controller/IndexController.class.php 第 29 行.
NOTIC: [8] Trying to get property of non-object /var/www/html/Nebula/Home/Controller/IndexController.class.php 第 43 行.
INFO: [ app_end ] --START--
INFO: Run Behavior\ShowPageTraceBehavior [ RunTime:0.000286s ]
INFO: [ app_end ] --END-- [ RunTime:0.000346s ]

[ 2016-12-23T20:57:08+08:00 ] 182.254.86.156 /nebula.php?signature=32c3d5f1354af701fa0bc348e56f6962a1e50287&timestamp=1482497828&nonce=1464927510&openid=ou_reslCF82ScPhR_5xZJS_MSpfw
WARN: 调用
[ 2016-12-23T20:57:08+08:00 ] 182.254.86.156 /nebula.php?signature=32c3d5f1354af701fa0bc348e56f6962a1e50287&timestamp=1482497828&nonce=1464927510&openid=ou_reslCF82ScPhR_5xZJS_MSpfw
INFO: [ app_init ] --START--
INFO: Run Behavior\BuildLiteBehavior [ RunTime:0.000011s ]
INFO: [ app_init ] --END-- [ RunTime:0.000240s ]
INFO: [ app_begin ] --START--
INFO: Run Behavior\ReadHtmlCacheBehavior [ RunTime:0.000323s ]
INFO: [ app_begin ] --END-- [ RunTime:0.000370s ]
NOTIC: [8] Undefined index: echostr /var/www/html/Nebula/Home/Controller/IndexController.class.php 第 8 行.
INFO: [ app_end ] --START--
INFO: Run Behavior\ShowPageTraceBehavior [ RunTime:0.000264s ]
INFO: [ app_end ] --END-- [ RunTime:0.000318s ]

[ 2016-12-23T20:59:46+08:00 ] 182.254.86.151 /nebula.php?signature=65cd3acc95e694e32f381be8a715eb84257ccfdc&timestamp=1482497986&nonce=1712535186&openid=ou_reslCF82ScPhR_5xZJS_MSpfw
WARN: 调用
[ 2016-12-23T20:59:46+08:00 ] 182.254.86.151 /nebula.php?signature=65cd3acc95e694e32f381be8a715eb84257ccfdc&timestamp=1482497986&nonce=1712535186&openid=ou_reslCF82ScPhR_5xZJS_MSpfw
INFO: [ app_init ] --START--
INFO: Run Behavior\BuildLiteBehavior [ RunTime:0.000011s ]
INFO: [ app_init ] --END-- [ RunTime:0.000229s ]
INFO: [ app_begin ] --START--
INFO: Run Behavior\ReadHtmlCacheBehavior [ RunTime:0.000248s ]
INFO: [ app_begin ] --END-- [ RunTime:0.000296s ]
NOTIC: [8] Undefined index: echostr /var/www/html/Nebula/Home/Controller/IndexController.class.php 第 8 行.
INFO: [ app_end ] --START--
INFO: Run Behavior\ShowPageTraceBehavior [ RunTime:0.000275s ]
INFO: [ app_end ] --END-- [ RunTime:0.000322s ]

[ 2016-12-23T20:59:52+08:00 ] 182.254.86.146 /nebula.php?signature=437189917b0bd335ee2bb196f44ed8b14c3e5b24&timestamp=1482497991&nonce=1717594027&openid=ou_reslCF82ScPhR_5xZJS_MSpfw
WARN: 调用
[ 2016-12-23T20:59:52+08:00 ] 182.254.86.146 /nebula.php?signature=437189917b0bd335ee2bb196f44ed8b14c3e5b24&timestamp=1482497991&nonce=1717594027&openid=ou_reslCF82ScPhR_5xZJS_MSpfw
INFO: [ app_init ] --START--
INFO: Run Behavior\BuildLiteBehavior [ RunTime:0.000023s ]
INFO: [ app_init ] --END-- [ RunTime:0.000283s ]
INFO: [ app_begin ] --START--
INFO: Run Behavior\ReadHtmlCacheBehavior [ RunTime:0.000274s ]
INFO: [ app_begin ] --END-- [ RunTime:0.000325s ]
NOTIC: [8] Undefined index: echostr /var/www/html/Nebula/Home/Controller/IndexController.class.php 第 8 行.
INFO: [ app_end ] --START--
INFO: Run Behavior\ShowPageTraceBehavior [ RunTime:0.000320s ]
INFO: [ app_end ] --END-- [ RunTime:0.000383s ]

[ 2016-12-23T21:02:37+08:00 ] 182.254.86.151 /nebula.php?signature=0435de2a6cc4061da6e44880d328c13e89a1a134&timestamp=1482498157&nonce=593538239&openid=ou_reslCF82ScPhR_5xZJS_MSpfw
WARN: 调用
[ 2016-12-23T21:02:37+08:00 ] 182.254.86.151 /nebula.php?signature=0435de2a6cc4061da6e44880d328c13e89a1a134&timestamp=1482498157&nonce=593538239&openid=ou_reslCF82ScPhR_5xZJS_MSpfw
INFO: [ app_init ] --START--
INFO: Run Behavior\BuildLiteBehavior [ RunTime:0.000010s ]
INFO: [ app_init ] --END-- [ RunTime:0.000243s ]
INFO: [ app_begin ] --START--
INFO: Run Behavior\ReadHtmlCacheBehavior [ RunTime:0.000268s ]
INFO: [ app_begin ] --END-- [ RunTime:0.000356s ]
NOTIC: [8] Undefined index: echostr /var/www/html/Nebula/Home/Controller/IndexController.class.php 第 8 行.
INFO: [ app_end ] --START--
INFO: Run Behavior\ShowPageTraceBehavior [ RunTime:0.000285s ]
INFO: [ app_end ] --END-- [ RunTime:0.000341s ]

[ 2016-12-23T21:02:47+08:00 ] 182.254.86.156 /nebula.php?signature=d0c566c1afe2d7d9462e5392cc10c63d71f716fd&timestamp=1482498167&nonce=683983306&openid=ou_reslCF82ScPhR_5xZJS_MSpfw
WARN: 调用
[ 2016-12-23T21:02:47+08:00 ] 182.254.86.156 /nebula.php?signature=d0c566c1afe2d7d9462e5392cc10c63d71f716fd&timestamp=1482498167&nonce=683983306&openid=ou_reslCF82ScPhR_5xZJS_MSpfw
INFO: [ app_init ] --START--
INFO: Run Behavior\BuildLiteBehavior [ RunTime:0.000011s ]
INFO: [ app_init ] --END-- [ RunTime:0.000236s ]
INFO: [ app_begin ] --START--
INFO: Run Behavior\ReadHtmlCacheBehavior [ RunTime:0.000326s ]
INFO: [ app_begin ] --END-- [ RunTime:0.000377s ]
NOTIC: [8] Undefined index: echostr /var/www/html/Nebula/Home/Controller/IndexController.class.php 第 8 行.
INFO: [ app_end ] --START--
INFO: Run Behavior\ShowPageTraceBehavior [ RunTime:0.000372s ]
INFO: [ app_end ] --END-- [ RunTime:0.000428s ]

[ 2016-12-23T21:38:28+08:00 ] 183.57.53.177 /nebula.php
WARN: 调用
[ 2016-12-23T21:38:28+08:00 ] 183.57.53.177 /nebula.php
INFO: [ app_init ] --START--
INFO: Run Behavior\BuildLiteBehavior [ RunTime:0.000010s ]
INFO: [ app_init ] --END-- [ RunTime:0.000249s ]
INFO: [ app_begin ] --START--
INFO: Run Behavior\ReadHtmlCacheBehavior [ RunTime:0.000289s ]
INFO: [ app_begin ] --END-- [ RunTime:0.000330s ]
NOTIC: [8] Undefined index: timestamp /var/www/html/Nebula/Home/Controller/IndexController.class.php 第 7 行.
NOTIC: [8] Undefined index: echostr /var/www/html/Nebula/Home/Controller/IndexController.class.php 第 8 行.
NOTIC: [8] Undefined index: nonce /var/www/html/Nebula/Home/Controller/IndexController.class.php 第 9 行.
NOTIC: [8] Undefined index: signature /var/www/html/Nebula/Home/Controller/IndexController.class.php 第 11 行.
NOTIC: [8] Undefined index: HTTP_RAW_POST_DATA /var/www/html/Nebula/Home/Controller/IndexController.class.php 第 29 行.
NOTIC: [8] Trying to get property of non-object /var/www/html/Nebula/Home/Controller/IndexController.class.php 第 43 行.
INFO: [ app_end ] --START--
INFO: Run Behavior\ShowPageTraceBehavior [ RunTime:0.000284s ]
INFO: [ app_end ] --END-- [ RunTime:0.000327s ]

[ 2016-12-23T21:47:56+08:00 ] 182.254.86.156 /nebula.php?signature=e58fba8a7042ff9f50848a1386699c796a8e8f3c&timestamp=1482500875&nonce=1289760151&openid=ou_reslCF82ScPhR_5xZJS_MSpfw
WARN: 调用
[ 2016-12-23T21:47:56+08:00 ] 182.254.86.156 /nebula.php?signature=e58fba8a7042ff9f50848a1386699c796a8e8f3c&timestamp=1482500875&nonce=1289760151&openid=ou_reslCF82ScPhR_5xZJS_MSpfw
INFO: [ app_init ] --START--
INFO: Run Behavior\BuildLiteBehavior [ RunTime:0.000017s ]
INFO: [ app_init ] --END-- [ RunTime:0.000353s ]
INFO: [ app_begin ] --START--
INFO: Run Behavior\ReadHtmlCacheBehavior [ RunTime:0.000413s ]
INFO: [ app_begin ] --END-- [ RunTime:0.000474s ]
NOTIC: [8] Undefined index: echostr /var/www/html/Nebula/Home/Controller/IndexController.class.php 第 8 行.
INFO: [ app_end ] --START--
INFO: Run Behavior\ShowPageTraceBehavior [ RunTime:0.000397s ]
INFO: [ app_end ] --END-- [ RunTime:0.000485s ]

[ 2016-12-23T21:48:01+08:00 ] 182.254.86.141 /nebula.php?signature=63935fce2b37b0b6670bd5f5f5589957f00f3519&timestamp=1482500881&nonce=1774250921&openid=ou_reslCF82ScPhR_5xZJS_MSpfw
WARN: 调用
[ 2016-12-23T21:48:01+08:00 ] 182.254.86.141 /nebula.php?signature=63935fce2b37b0b6670bd5f5f5589957f00f3519&timestamp=1482500881&nonce=1774250921&openid=ou_reslCF82ScPhR_5xZJS_MSpfw
INFO: [ app_init ] --START--
INFO: Run Behavior\BuildLiteBehavior [ RunTime:0.000012s ]
INFO: [ app_init ] --END-- [ RunTime:0.000233s ]
INFO: [ app_begin ] --START--
INFO: Run Behavior\ReadHtmlCacheBehavior [ RunTime:0.000261s ]
INFO: [ app_begin ] --END-- [ RunTime:0.000314s ]
NOTIC: [8] Undefined index: echostr /var/www/html/Nebula/Home/Controller/IndexController.class.php 第 8 行.
INFO: [ app_end ] --START--
INFO: Run Behavior\ShowPageTraceBehavior [ RunTime:0.000255s ]
INFO: [ app_end ] --END-- [ RunTime:0.000312s ]

[ 2016-12-23T21:49:16+08:00 ] 182.254.86.156 /nebula.php?signature=adb86dba4616d99fc233c9837a154c96c1a360f4&timestamp=1482500956&nonce=1369932073&openid=ou_reslCF82ScPhR_5xZJS_MSpfw
WARN: 调用
[ 2016-12-23T21:49:16+08:00 ] 182.254.86.156 /nebula.php?signature=adb86dba4616d99fc233c9837a154c96c1a360f4&timestamp=1482500956&nonce=1369932073&openid=ou_reslCF82ScPhR_5xZJS_MSpfw
INFO: [ app_init ] --START--
INFO: Run Behavior\BuildLiteBehavior [ RunTime:0.000010s ]
INFO: [ app_init ] --END-- [ RunTime:0.000222s ]
INFO: [ app_begin ] --START--
INFO: Run Behavior\ReadHtmlCacheBehavior [ RunTime:0.000268s ]
INFO: [ app_begin ] --END-- [ RunTime:0.000320s ]
NOTIC: [8] Undefined index: echostr /var/www/html/Nebula/Home/Controller/IndexController.class.php 第 8 行.
INFO: [ app_end ] --START--
INFO: Run Behavior\ShowPageTraceBehavior [ RunTime:0.000256s ]
INFO: [ app_end ] --END-- [ RunTime:0.000308s ]

[ 2016-12-23T21:49:22+08:00 ] 182.254.86.151 /nebula.php?signature=abe2aea515e2be3bdc78e7766f483d7c1f7fa44c&timestamp=1482500962&nonce=241112282&openid=ou_reslCF82ScPhR_5xZJS_MSpfw
WARN: 调用
[ 2016-12-23T21:49:22+08:00 ] 182.254.86.151 /nebula.php?signature=abe2aea515e2be3bdc78e7766f483d7c1f7fa44c&timestamp=1482500962&nonce=241112282&openid=ou_reslCF82ScPhR_5xZJS_MSpfw
INFO: [ app_init ] --START--
INFO: Run Behavior\BuildLiteBehavior [ RunTime:0.000011s ]
INFO: [ app_init ] --END-- [ RunTime:0.000231s ]
INFO: [ app_begin ] --START--
INFO: Run Behavior\ReadHtmlCacheBehavior [ RunTime:0.000269s ]
INFO: [ app_begin ] --END-- [ RunTime:0.000315s ]
NOTIC: [8] Undefined index: echostr /var/www/html/Nebula/Home/Controller/IndexController.class.php 第 8 行.
INFO: [ app_end ] --START--
INFO: Run Behavior\ShowPageTraceBehavior [ RunTime:0.000259s ]
INFO: [ app_end ] --END-- [ RunTime:0.000312s ]

[ 2016-12-23T21:51:00+08:00 ] 182.254.86.146 /nebula.php?signature=0f43191ed30ef87ba08175b3d6e6cbd0364c6bf6&timestamp=1482501059&nonce=1140752057&openid=ou_reslCF82ScPhR_5xZJS_MSpfw
WARN: 调用
[ 2016-12-23T21:51:00+08:00 ] 182.254.86.146 /nebula.php?signature=0f43191ed30ef87ba08175b3d6e6cbd0364c6bf6&timestamp=1482501059&nonce=1140752057&openid=ou_reslCF82ScPhR_5xZJS_MSpfw
INFO: [ app_init ] --START--
INFO: Run Behavior\BuildLiteBehavior [ RunTime:0.000018s ]
INFO: [ app_init ] --END-- [ RunTime:0.000267s ]
INFO: [ app_begin ] --START--
INFO: Run Behavior\ReadHtmlCacheBehavior [ RunTime:0.000297s ]
INFO: [ app_begin ] --END-- [ RunTime:0.000348s ]
NOTIC: [8] Undefined index: echostr /var/www/html/Nebula/Home/Controller/IndexController.class.php 第 8 行.
INFO: [ app_end ] --START--
INFO: Run Behavior\ShowPageTraceBehavior [ RunTime:0.000278s ]
INFO: [ app_end ] --END-- [ RunTime:0.000329s ]

[ 2016-12-23T21:51:07+08:00 ] 182.254.86.146 /nebula.php?signature=90c8c5ec68dd0aa40375b1b3034915c891dcee70&timestamp=1482501067&nonce=1744553838&openid=ou_reslCF82ScPhR_5xZJS_MSpfw
WARN: 调用
[ 2016-12-23T21:51:07+08:00 ] 182.254.86.146 /nebula.php?signature=90c8c5ec68dd0aa40375b1b3034915c891dcee70&timestamp=1482501067&nonce=1744553838&openid=ou_reslCF82ScPhR_5xZJS_MSpfw
INFO: [ app_init ] --START--
INFO: Run Behavior\BuildLiteBehavior [ RunTime:0.000013s ]
INFO: [ app_init ] --END-- [ RunTime:0.000215s ]
INFO: [ app_begin ] --START--
INFO: Run Behavior\ReadHtmlCacheBehavior [ RunTime:0.000321s ]
INFO: [ app_begin ] --END-- [ RunTime:0.000364s ]
NOTIC: [8] Undefined index: echostr /var/www/html/Nebula/Home/Controller/IndexController.class.php 第 8 行.
INFO: [ app_end ] --START--
INFO: Run Behavior\ShowPageTraceBehavior [ RunTime:0.000270s ]
INFO: [ app_end ] --END-- [ RunTime:0.000318s ]

